[device] mps
[basis] loaded frozen shared basis from bases_cache_soft_distill.npz
/Users/motonishikoudai/Library/Python/3.9/lib/python/site-packages/urllib3/__init__.py:35: NotOpenSSLWarning: urllib3 v2 only supports OpenSSL 1.1.1+, currently the 'ssl' module is compiled with 'LibreSSL 2.8.3'. See: https://github.com/urllib3/urllib3/issues/3020
  warnings.warn(
[eval corpus] wikitext-2-raw-v1(test): 40 x 256

===== KL distillation, hard shared bottleneck r=128 =====
[data] train seqs available: 8847 (need 20000; will cycle if short)
[data] val slice: 16 x 256
[r128] step 0 (untrained): val KL=3.3824 agr=0.1772 ppl=1279.5
`loss_type=None` was set in the config but it is unrecognized. Using the default loss: `ForCausalLMLoss`.
  [r128] step 20 loss=8.0547 trainKL=3.1928 (54s)
  [r128] step 40 loss=7.2499 trainKL=2.5209 (152s)
  [r128] step 60 loss=6.9037 trainKL=2.2099 (234s)
  [r128] step 80 loss=6.7339 trainKL=2.0441 (285s)
  [r128] step 100 loss=6.6632 trainKL=1.9765 (351s)
[r128] step 100: val KL=1.8608 agr=0.3201 ppl=249.37 acc=0.1681 (356s)
  [r128] step 120 loss=6.5901 trainKL=1.9555 (437s)
  [r128] step 140 loss=6.5498 trainKL=1.8854 (529s)
  [r128] step 160 loss=6.4825 trainKL=1.8417 (626s)
  [r128] step 180 loss=6.4496 trainKL=1.8079 (718s)
  [r128] step 200 loss=6.4505 trainKL=1.7709 (792s)
[r128] step 200: val KL=1.7021 agr=0.3455 ppl=205.62 acc=0.1870 (796s)
  [r128] step 220 loss=6.3965 trainKL=1.7518 (860s)
  [r128] step 240 loss=6.3474 trainKL=1.7371 (906s)
  [r128] step 260 loss=6.3440 trainKL=1.7074 (956s)
  [r128] step 280 loss=6.3561 trainKL=1.7132 (1006s)
  [r128] step 300 loss=6.3328 trainKL=1.6943 (1057s)
[r128] step 300: val KL=1.6066 agr=0.3638 ppl=184.15 acc=0.1946 (1059s)
  [r128] step 320 loss=6.3018 trainKL=1.6965 (1111s)
  [r128] step 340 loss=6.2819 trainKL=1.6659 (1164s)
  [r128] step 360 loss=6.2310 trainKL=1.6447 (1221s)
  [r128] step 380 loss=6.2510 trainKL=1.6227 (1276s)
  [r128] step 400 loss=6.2792 trainKL=1.6349 (1332s)
[r128] step 400: val KL=1.5441 agr=0.3806 ppl=171.59 acc=0.1985 (1334s)
  [r128] step 420 loss=6.2191 trainKL=1.6002 (1391s)
  [r128] step 440 loss=6.2493 trainKL=1.6061 (1449s)
  [r128] step 460 loss=6.2016 trainKL=1.5928 (1509s)
  [r128] step 480 loss=6.1884 trainKL=1.5608 (1571s)
  [r128] step 500 loss=6.1757 trainKL=1.5800 (1632s)
[r128] step 500: val KL=1.4946 agr=0.3872 ppl=160.62 acc=0.2042 (1635s)
  [r128] step 520 loss=6.1779 trainKL=1.5609 (1697s)
  [r128] step 540 loss=6.1249 trainKL=1.5349 (1762s)
  [r128] step 560 loss=6.1514 trainKL=1.5239 (1825s)
  [r128] step 580 loss=6.1436 trainKL=1.5338 (1887s)
  [r128] step 600 loss=6.1660 trainKL=1.5180 (1948s)
[r128] step 600: val KL=1.4493 agr=0.3992 ppl=153.36 acc=0.2037 (1951s)
  [r128] step 620 loss=6.1042 trainKL=1.5002 (2012s)
  [r128] step 640 loss=6.1010 trainKL=1.5003 (2075s)
  [r128] step 660 loss=6.1359 trainKL=1.4961 (2138s)
  [r128] step 680 loss=6.1148 trainKL=1.4998 (2202s)
  [r128] step 700 loss=6.0424 trainKL=1.4767 (2268s)
[r128] step 700: val KL=1.4147 agr=0.3970 ppl=147.64 acc=0.2078 (2270s)
  [r128] step 720 loss=6.0758 trainKL=1.4639 (2332s)
  [r128] step 740 loss=6.0780 trainKL=1.4733 (2390s)
  [r128] step 760 loss=6.0553 trainKL=1.4531 (2440s)
  [r128] step 780 loss=6.0296 trainKL=1.4456 (2489s)
  [r128] step 800 loss=6.0528 trainKL=1.4452 (2537s)
[r128] step 800: val KL=1.3938 agr=0.4094 ppl=144.78 acc=0.2135 (2539s)
  [r128] step 820 loss=6.0654 trainKL=1.4659 (2587s)
  [r128] step 840 loss=6.0290 trainKL=1.4384 (2634s)
  [r128] step 860 loss=6.0364 trainKL=1.4378 (2683s)
  [r128] step 880 loss=6.0439 trainKL=1.4073 (2739s)
  [r128] step 900 loss=5.9949 trainKL=1.3983 (2806s)
[r128] step 900: val KL=1.3657 agr=0.4067 ppl=138.38 acc=0.2162 (2808s)
  [r128] step 920 loss=5.9965 trainKL=1.4023 (2870s)
  [r128] step 940 loss=5.9933 trainKL=1.3837 (2932s)
  [r128] step 960 loss=6.0190 trainKL=1.4100 (2995s)
  [r128] step 980 loss=5.9840 trainKL=1.3892 (3056s)
  [r128] step 1000 loss=5.9548 trainKL=1.3712 (3118s)
[r128] step 1000: val KL=1.3434 agr=0.4128 ppl=136.93 acc=0.2179 (3121s)
  [r128] step 1020 loss=5.9806 trainKL=1.3643 (3183s)
  [r128] step 1040 loss=6.0241 trainKL=1.3910 (3245s)
  [r128] step 1060 loss=5.9935 trainKL=1.3845 (3312s)
  [r128] step 1080 loss=5.9698 trainKL=1.3724 (3376s)
  [r128] step 1100 loss=5.9892 trainKL=1.3714 (3439s)
[r128] step 1100: val KL=1.3245 agr=0.4209 ppl=133.97 acc=0.2203 (3442s)
  [r128] step 1120 loss=5.9887 trainKL=1.3406 (3507s)
  [r128] step 1140 loss=5.9051 trainKL=1.3141 (3573s)
  [r128] step 1160 loss=5.9318 trainKL=1.3260 (3639s)
  [r128] step 1180 loss=5.9724 trainKL=1.3284 (3704s)
  [r128] step 1200 loss=5.9188 trainKL=1.3283 (3768s)
[r128] step 1200: val KL=1.3058 agr=0.4275 ppl=132.26 acc=0.2211 (3770s)
  [r128] step 1220 loss=5.9190 trainKL=1.3138 (3836s)
  [r128] step 1240 loss=5.9000 trainKL=1.3034 (3902s)
  [r128] step 1260 loss=5.9237 trainKL=1.3235 (3966s)
  [r128] step 1280 loss=5.9066 trainKL=1.3010 (4030s)
  [r128] step 1300 loss=5.8799 trainKL=1.3054 (4093s)
[r128] step 1300: val KL=1.2863 agr=0.4287 ppl=128.37 acc=0.2267 (4095s)
  [r128] step 1320 loss=5.8750 trainKL=1.3019 (4159s)
  [r128] step 1340 loss=5.8613 trainKL=1.2686 (4225s)
  [r128] step 1360 loss=5.8383 trainKL=1.2644 (4289s)
  [r128] step 1380 loss=5.8776 trainKL=1.2641 (4355s)
  [r128] step 1400 loss=5.9074 trainKL=1.2669 (4421s)
[r128] step 1400: val KL=1.2733 agr=0.4285 ppl=126.36 acc=0.2243 (4424s)
  [r128] step 1420 loss=5.8253 trainKL=1.2686 (4489s)
  [r128] step 1440 loss=5.9048 trainKL=1.2670 (4568s)
  [r128] step 1460 loss=5.8477 trainKL=1.2705 (4628s)
  [r128] step 1480 loss=5.8549 trainKL=1.2661 (4687s)
  [r128] step 1500 loss=5.8319 trainKL=1.2674 (4747s)
[r128] step 1500: val KL=1.2582 agr=0.4338 ppl=124.56 acc=0.2294 (4750s)
  [r128] step 1520 loss=5.8305 trainKL=1.2625 (4814s)
  [r128] step 1540 loss=5.8038 trainKL=1.2716 (4883s)
  [r128] step 1560 loss=5.8618 trainKL=1.2423 (4950s)
  [r128] step 1580 loss=5.8220 trainKL=1.2445 (5018s)
  [r128] step 1600 loss=5.8565 trainKL=1.2366 (5098s)
[r128] step 1600: val KL=1.2483 agr=0.4358 ppl=122.69 acc=0.2306 (5100s)
  [r128] step 1620 loss=5.8280 trainKL=1.2504 (5162s)
  [r128] step 1640 loss=5.8232 trainKL=1.2438 (5225s)
  [r128] step 1660 loss=5.7966 trainKL=1.2459 (5291s)
  [r128] step 1680 loss=5.8509 trainKL=1.2441 (5354s)
  [r128] step 1700 loss=5.7776 trainKL=1.2178 (5424s)
[r128] step 1700: val KL=1.2298 agr=0.4370 ppl=121.13 acc=0.2314 (5427s)
  [r128] step 1720 loss=5.8080 trainKL=1.2271 (5502s)
  [r128] step 1740 loss=5.7996 trainKL=1.2232 (5559s)
  [r128] step 1760 loss=5.7595 trainKL=1.2257 (5622s)
  [r128] step 1780 loss=5.7998 trainKL=1.2362 (5681s)
  [r128] step 1800 loss=5.8020 trainKL=1.2242 (5744s)
[r128] step 1800: val KL=1.2196 agr=0.4414 ppl=119.75 acc=0.2297 (5747s)
  [r128] step 1820 loss=5.7891 trainKL=1.2243 (5811s)
  [r128] step 1840 loss=5.7848 trainKL=1.2008 (5872s)
  [r128] step 1860 loss=5.7773 trainKL=1.2068 (5955s)
  [r128] step 1880 loss=5.7879 trainKL=1.2112 (6033s)
  [r128] step 1900 loss=5.7710 trainKL=1.1973 (6103s)
[r128] step 1900: val KL=1.2085 agr=0.4451 ppl=117.53 acc=0.2299 (6106s)
  [r128] step 1920 loss=5.7913 trainKL=1.1983 (6176s)
  [r128] step 1940 loss=5.7451 trainKL=1.1889 (6247s)
  [r128] step 1960 loss=5.8068 trainKL=1.2029 (6319s)
  [r128] step 1980 loss=5.7820 trainKL=1.1908 (6389s)
  [r128] step 2000 loss=5.7783 trainKL=1.1943 (6463s)
[r128] step 2000: val KL=1.1944 agr=0.4526 ppl=114.99 acc=0.2326 (6467s)
  [r128] step 2020 loss=5.7492 trainKL=1.1958 (6547s)
  [r128] step 2040 loss=5.7111 trainKL=1.1648 (6620s)
  [r128] step 2060 loss=5.7104 trainKL=1.1903 (6691s)
  [r128] step 2080 loss=5.7872 trainKL=1.1976 (6767s)
  [r128] step 2100 loss=5.7434 trainKL=1.1979 (6826s)
[r128] step 2100: val KL=1.1884 agr=0.4546 ppl=114.99 acc=0.2333 (6830s)
  [r128] step 2120 loss=5.7518 trainKL=1.1736 (6899s)
  [r128] step 2140 loss=5.7589 trainKL=1.1961 (6965s)
  [r128] step 2160 loss=5.7261 trainKL=1.1902 (7032s)
  [r128] step 2180 loss=5.7363 trainKL=1.1658 (7096s)
  [r128] step 2200 loss=5.7805 trainKL=1.1871 (7161s)
[r128] step 2200: val KL=1.1751 agr=0.4543 ppl=112.47 acc=0.2373 (7164s)
  [r128] step 2220 loss=5.7068 trainKL=1.1732 (7233s)
  [r128] step 2240 loss=5.7342 trainKL=1.1330 (7299s)
  [r128] step 2260 loss=5.6927 trainKL=1.1277 (7365s)
  [r128] step 2280 loss=5.6889 trainKL=1.1402 (7430s)
  [r128] step 2300 loss=5.7150 trainKL=1.1391 (7496s)
[r128] step 2300: val KL=1.1693 agr=0.4534 ppl=111.10 acc=0.2422 (7498s)
  [r128] step 2320 loss=5.6497 trainKL=1.1189 (7566s)
  [r128] step 2340 loss=5.6538 trainKL=1.1482 (7632s)
  [r128] step 2360 loss=5.6914 trainKL=1.1187 (7696s)
  [r128] step 2380 loss=5.6507 trainKL=1.1020 (7762s)
  [r128] step 2400 loss=5.6943 trainKL=1.1152 (7828s)
[r128] step 2400: val KL=1.1563 agr=0.4583 ppl=110.21 acc=0.2395 (7831s)
  [r128] step 2420 loss=5.6630 trainKL=1.1091 (7895s)
  [r128] step 2440 loss=5.7054 trainKL=1.1115 (7961s)
  [r128] step 2460 loss=5.6731 trainKL=1.1106 (8026s)
  [r128] step 2480 loss=5.6930 trainKL=1.1293 (8096s)
  [r128] step 2500 loss=5.6870 trainKL=1.1149 (8161s)
[r128] step 2500: val KL=1.1436 agr=0.4624 ppl=109.27 acc=0.2382 (8164s)
[r128] final test eval ...
[r128] TEST: KL=1.1151 agr=0.4703 ppl=122.83 acc=0.2315
[r128] saved student checkpoint to kl_distill_student_r128.pt
[r128] wrote /Users/motonishikoudai/Projects/verantyx-cli/experiments/stereo_cross_activation/results_kl_distill.json
