[device] mps
[schedule] linear: ranks=[8, 16, 32, 64, 128, 192, 256]
[schedule] probs=r8=0.011, r16=0.023, r32=0.046, r64=0.092, r128=0.184, r192=0.276, r256=0.368
[basis] loaded bases_cache_soft_distill.npz (V (768, 768); nested top-256)
/Users/motonishikoudai/Library/Python/3.9/lib/python/site-packages/urllib3/__init__.py:35: NotOpenSSLWarning: urllib3 v2 only supports OpenSSL 1.1.1+, currently the 'ssl' module is compiled with 'LibreSSL 2.8.3'. See: https://github.com/urllib3/urllib3/issues/3020
  warnings.warn(
[eval corpus] wikitext-2-raw-v1(test): 40 x 256
[warm start] loaded kl_distill_student_r256.pt (missing=[], unexpected=[])
[step-0] r256-only student nested-rank TEST frontier ...
  [eval r=8] KL=4.3968 agr=0.0230 ppl=4936.86 (90.64x) acc=0.0005
  [eval r=16] KL=4.8167 agr=0.0869 ppl=6843.22 (125.64x) acc=0.0392
  [eval r=32] KL=4.0453 agr=0.1218 ppl=3120.15 (57.29x) acc=0.0603
  [eval r=64] KL=2.5427 agr=0.2264 ppl=604.30 (11.09x) acc=0.1061
  [eval r=128] KL=1.2794 agr=0.4159 ppl=150.85 (2.77x) acc=0.2081
  [eval r=192] KL=0.9573 agr=0.4899 ppl=106.70 (1.96x) acc=0.2375
  [eval r=256] KL=0.6930 agr=0.5609 ppl=78.99 (1.45x) acc=0.2704
[data] train seqs available: 8847 (need 20000; will cycle if short)
[data] val slice: 16 x 256
[matryoshka] step 0 (warm, val@r256): KL=0.7159 agr=0.5664 ppl=71.9
`loss_type=None` was set in the config but it is unrecognized. Using the default loss: `ForCausalLMLoss`.
  [matryoshka] step 20 loss=5.7060 trainKL=1.0859 ranks=[128, 256, 256, 128, 256, 256, 128, 256, 192, 192, 128, 256, 256, 192, 192, 128, 256, 32, 256, 192] (34s)
  [matryoshka] step 40 loss=5.5334 trainKL=0.9874 ranks=[192, 128, 256, 192, 128, 192, 256, 256, 192, 192, 64, 192, 192, 256, 192, 256, 192, 256, 256, 128] (69s)
  [matryoshka] step 60 loss=5.8777 trainKL=1.2944 ranks=[192, 192, 192, 128, 256, 256, 192, 256, 192, 256, 256, 32, 192, 64, 192, 128, 256, 192, 64, 64] (114s)
  [matryoshka] step 80 loss=5.9418 trainKL=1.3379 ranks=[256, 128, 256, 256, 256, 128, 256, 128, 64, 64, 128, 32, 192, 256, 256, 192, 256, 256, 256, 16] (169s)
  [matryoshka] step 100 loss=5.6807 trainKL=1.0982 ranks=[256, 192, 256, 128, 256, 64, 192, 128, 256, 128, 256, 256, 192, 192, 128, 128, 32, 128, 256, 256] (248s)
[matryoshka] step 100: val@r256 KL=0.7264 agr=0.5588 ppl=71.97 acc=0.2811 (251s)
  [matryoshka] step 120 loss=5.8023 trainKL=1.2526 ranks=[192, 256, 192, 64, 128, 64, 256, 256, 128, 192, 128, 256, 16, 256, 256, 64, 256, 256, 128, 256] (322s)
  [matryoshka] step 140 loss=5.8209 trainKL=1.2354 ranks=[256, 256, 192, 192, 256, 256, 64, 256, 192, 32, 64, 256, 256, 128, 64, 192, 64, 192, 256, 192] (441s)
  [matryoshka] step 160 loss=6.2445 trainKL=1.6308 ranks=[256, 32, 128, 192, 192, 256, 256, 192, 256, 64, 8, 32, 256, 32, 128, 64, 256, 32, 256, 128] (511s)
  [matryoshka] step 180 loss=5.7789 trainKL=1.2107 ranks=[256, 128, 192, 256, 128, 192, 256, 256, 192, 128, 256, 32, 256, 128, 128, 8, 256, 128, 128, 128] (576s)
  [matryoshka] step 200 loss=6.0351 trainKL=1.4027 ranks=[192, 128, 192, 64, 192, 64, 256, 32, 128, 192, 192, 16, 128, 256, 128, 256, 256, 256, 32, 192] (642s)
[matryoshka] step 200: val@r256 KL=0.7249 agr=0.5576 ppl=72.28 acc=0.2806 (645s)
  [matryoshka] step 220 loss=5.6022 trainKL=1.0408 ranks=[256, 256, 256, 16, 192, 192, 256, 256, 192, 256, 192, 32, 256, 192, 256, 128, 192, 256, 256, 256] (712s)
  [matryoshka] step 240 loss=5.7699 trainKL=1.2222 ranks=[128, 128, 256, 256, 16, 192, 128, 192, 128, 192, 192, 256, 192, 256, 64, 256, 256, 32, 128, 128] (784s)
  [matryoshka] step 260 loss=5.5705 trainKL=1.0155 ranks=[192, 256, 256, 128, 128, 192, 128, 256, 256, 256, 64, 128, 256, 192, 256, 256, 32, 192, 128, 256] (853s)
  [matryoshka] step 280 loss=6.1728 trainKL=1.5530 ranks=[16, 256, 192, 256, 256, 128, 16, 32, 16, 192, 192, 64, 192, 256, 256, 128, 192, 64, 192, 192] (921s)
  [matryoshka] step 300 loss=5.8144 trainKL=1.2318 ranks=[16, 128, 192, 256, 128, 256, 256, 256, 128, 192, 128, 256, 256, 256, 192, 192, 256, 128, 32, 16] (991s)
[matryoshka] step 300: val@r256 KL=0.7187 agr=0.5586 ppl=71.50 acc=0.2826 (994s)
  [matryoshka] step 320 loss=5.8906 trainKL=1.3302 ranks=[16, 192, 64, 64, 64, 256, 128, 256, 128, 192, 256, 128, 128, 256, 192, 256, 192, 256, 32, 192] (1065s)
  [matryoshka] step 340 loss=5.9000 trainKL=1.3257 ranks=[192, 128, 128, 16, 192, 256, 256, 192, 128, 192, 64, 192, 256, 8, 256, 192, 256, 256, 32, 192] (1135s)
  [matryoshka] step 360 loss=5.7976 trainKL=1.2587 ranks=[256, 192, 128, 192, 256, 256, 64, 64, 128, 192, 192, 32, 256, 256, 64, 256, 128, 16, 256, 256] (1208s)
  [matryoshka] step 380 loss=6.0957 trainKL=1.4861 ranks=[64, 256, 192, 32, 256, 128, 64, 64, 192, 256, 256, 128, 8, 256, 256, 32, 256, 32, 256, 192] (1283s)
  [matryoshka] step 400 loss=6.1383 trainKL=1.5127 ranks=[128, 192, 256, 256, 192, 32, 256, 192, 256, 128, 192, 8, 192, 64, 64, 128, 192, 8, 64, 192] (1355s)
[matryoshka] step 400: val@r256 KL=0.7175 agr=0.5579 ppl=72.20 acc=0.2806 (1358s)
  [matryoshka] step 420 loss=6.1052 trainKL=1.5132 ranks=[32, 192, 256, 192, 64, 64, 192, 256, 32, 64, 256, 64, 192, 256, 64, 128, 256, 64, 192, 256] (1430s)
  [matryoshka] step 440 loss=5.9636 trainKL=1.3536 ranks=[192, 128, 128, 128, 192, 64, 128, 256, 192, 256, 192, 16, 192, 192, 256, 128, 16, 32, 128, 192] (1563s)
  [matryoshka] step 460 loss=6.2027 trainKL=1.5984 ranks=[192, 64, 256, 32, 64, 8, 32, 64, 256, 192, 64, 192, 64, 192, 256, 64, 192, 128, 192, 192] (1639s)
  [matryoshka] step 480 loss=5.4220 trainKL=0.8743 ranks=[256, 128, 256, 192, 192, 256, 256, 256, 256, 256, 256, 256, 128, 192, 192, 256, 256, 64, 128, 128] (1712s)
  [matryoshka] step 500 loss=5.6187 trainKL=1.0819 ranks=[256, 192, 256, 128, 64, 256, 192, 64, 128, 128, 64, 64, 256, 256, 256, 128, 256, 256, 192, 192] (1785s)
[matryoshka] step 500: val@r256 KL=0.7174 agr=0.5620 ppl=71.92 acc=0.2821 (1788s)
  [matryoshka] step 520 loss=5.8021 trainKL=1.2260 ranks=[256, 128, 64, 128, 64, 128, 192, 256, 256, 64, 128, 128, 192, 256, 256, 192, 32, 64, 128, 256] (1864s)
  [matryoshka] step 540 loss=5.7769 trainKL=1.2251 ranks=[256, 256, 32, 256, 192, 64, 192, 256, 256, 256, 128, 192, 256, 32, 256, 128, 192, 64, 256, 32] (1938s)
  [matryoshka] step 560 loss=5.8637 trainKL=1.2695 ranks=[128, 128, 192, 16, 32, 192, 128, 256, 32, 192, 192, 256, 64, 128, 128, 192, 192, 256, 192, 256] (2013s)
  [matryoshka] step 580 loss=5.3426 trainKL=0.8157 ranks=[192, 128, 256, 256, 192, 128, 128, 256, 192, 256, 192, 256, 128, 256, 256, 192, 256, 256, 256, 192] (2087s)
  [matryoshka] step 600 loss=5.6883 trainKL=1.0920 ranks=[64, 128, 192, 256, 256, 32, 256, 64, 256, 128, 128, 192, 256, 192, 192, 128, 128, 128, 192, 256] (2163s)
[matryoshka] step 600: val@r256 KL=0.7126 agr=0.5615 ppl=71.84 acc=0.2787 (2166s)
[matryoshka] early stop at step 600 (plateau: KL impr 0.0046, agr impr 0.0000)
[final] Matryoshka student nested-rank TEST frontier ...
  [eval r=8] KL=3.9910 agr=0.0434 ppl=3081.89 (56.58x) acc=0.0125
  [eval r=16] KL=3.3261 agr=0.1462 ppl=1374.88 (25.24x) acc=0.0743
  [eval r=32] KL=2.7192 agr=0.2103 ppl=731.78 (13.44x) acc=0.1024
  [eval r=64] KL=1.9980 agr=0.2948 ppl=323.06 (5.93x) acc=0.1489
  [eval r=128] KL=1.1077 agr=0.4651 ppl=120.54 (2.21x) acc=0.2323
  [eval r=192] KL=0.8944 agr=0.5078 ppl=98.56 (1.81x) acc=0.2468
  [eval r=256] KL=0.6974 agr=0.5552 ppl=79.97 (1.47x) acc=0.2681
[ckpt] saved matryoshka_student.pt
[control] re-eval dedicated r=128 student at r=128 ...
  [r128 dedicated] KL=1.1151 agr=0.4703 ppl=122.83
[wrote] /Users/motonishikoudai/Projects/verantyx-cli/experiments/stereo_cross_activation/results_matryoshka_distill.json
[wall] 2166s (36.1 min) for 600 steps
[device] mps
[schedule] linear: ranks=[8, 16, 32, 64, 128, 192, 256]
[schedule] probs=r8=0.011, r16=0.023, r32=0.046, r64=0.092, r128=0.184, r192=0.276, r256=0.368
[basis] loaded bases_cache_soft_distill.npz (V (768, 768); nested top-256)
/Users/motonishikoudai/Library/Python/3.9/lib/python/site-packages/urllib3/__init__.py:35: NotOpenSSLWarning: urllib3 v2 only supports OpenSSL 1.1.1+, currently the 'ssl' module is compiled with 'LibreSSL 2.8.3'. See: https://github.com/urllib3/urllib3/issues/3020
  warnings.warn(
[eval corpus] wikitext-2-raw-v1(test): 40 x 256
[warm start] loaded matryoshka_student.pt (missing=[], unexpected=[])
[step-0] reused frontier from results_matryoshka_distill.json
  [reuse r8] KL=4.3968 agr=0.0230 ppl=4936.86
  [reuse r16] KL=4.8167 agr=0.0869 ppl=6843.22
  [reuse r32] KL=4.0453 agr=0.1218 ppl=3120.15
  [reuse r64] KL=2.5427 agr=0.2264 ppl=604.30
  [reuse r128] KL=1.2794 agr=0.4159 ppl=150.85
  [reuse r192] KL=0.9573 agr=0.4899 ppl=106.70
  [reuse r256] KL=0.6930 agr=0.5609 ppl=78.99
[data] train seqs available: 8847 (need 15200; will cycle if short)
[data] val slice: 16 x 256
[matryoshka] step 0 (warm, val@r256): KL=0.7126 agr=0.5615 ppl=71.8
`loss_type=None` was set in the config but it is unrecognized. Using the default loss: `ForCausalLMLoss`.
  [matryoshka] step 20 loss=5.5383 trainKL=0.9363 ranks=[128, 256, 256, 128, 256, 256, 128, 256, 192, 192, 128, 256, 256, 192, 192, 128, 256, 32, 256, 192] (71s)
  [matryoshka] step 40 loss=5.4222 trainKL=0.8883 ranks=[192, 128, 256, 192, 128, 192, 256, 256, 192, 192, 64, 192, 192, 256, 192, 256, 192, 256, 256, 128] (155s)
  [matryoshka] step 60 loss=5.6727 trainKL=1.1113 ranks=[192, 192, 192, 128, 256, 256, 192, 256, 192, 256, 256, 32, 192, 64, 192, 128, 256, 192, 64, 64] (234s)
  [matryoshka] step 80 loss=5.6984 trainKL=1.1198 ranks=[256, 128, 256, 256, 256, 128, 256, 128, 64, 64, 128, 32, 192, 256, 256, 192, 256, 256, 256, 16] (312s)
  [matryoshka] step 100 loss=5.5501 trainKL=0.9823 ranks=[256, 192, 256, 128, 256, 64, 192, 128, 256, 128, 256, 256, 192, 192, 128, 128, 32, 128, 256, 256] (389s)
[matryoshka] step 100: val@r256 KL=0.7156 agr=0.5566 ppl=71.68 acc=0.2777 (392s)
  [matryoshka] step 120 loss=5.6376 trainKL=1.1052 ranks=[192, 256, 192, 64, 128, 64, 256, 256, 128, 192, 128, 256, 16, 256, 256, 64, 256, 256, 128, 256] (471s)
  [matryoshka] step 140 loss=5.6783 trainKL=1.1086 ranks=[256, 256, 192, 192, 256, 256, 64, 256, 192, 32, 64, 256, 256, 128, 64, 192, 64, 192, 256, 192] (549s)
  [matryoshka] step 160 loss=6.0526 trainKL=1.4602 ranks=[256, 32, 128, 192, 192, 256, 256, 192, 256, 64, 8, 32, 256, 32, 128, 64, 256, 32, 256, 128] (624s)
  [matryoshka] step 180 loss=5.6659 trainKL=1.1103 ranks=[256, 128, 192, 256, 128, 192, 256, 256, 192, 128, 256, 32, 256, 128, 128, 8, 256, 128, 128, 128] (700s)
  [matryoshka] step 200 loss=5.8743 trainKL=1.2591 ranks=[192, 128, 192, 64, 192, 64, 256, 32, 128, 192, 192, 16, 128, 256, 128, 256, 256, 256, 32, 192] (776s)
[matryoshka] step 200: val@r256 KL=0.7163 agr=0.5596 ppl=71.61 acc=0.2838 (780s)
  [matryoshka] step 220 loss=5.4954 trainKL=0.9461 ranks=[256, 256, 256, 16, 192, 192, 256, 256, 192, 256, 192, 32, 256, 192, 256, 128, 192, 256, 256, 256] (856s)
  [matryoshka] step 240 loss=5.6513 trainKL=1.1166 ranks=[128, 128, 256, 256, 16, 192, 128, 192, 128, 192, 192, 256, 192, 256, 64, 256, 256, 32, 128, 128] (933s)
  [matryoshka] step 260 loss=5.4776 trainKL=0.9331 ranks=[192, 256, 256, 128, 128, 192, 128, 256, 256, 256, 64, 128, 256, 192, 256, 256, 32, 192, 128, 256] (1011s)
  [matryoshka] step 280 loss=6.0133 trainKL=1.4111 ranks=[16, 256, 192, 256, 256, 128, 16, 32, 16, 192, 192, 64, 192, 256, 256, 128, 192, 64, 192, 192] (1089s)
  [matryoshka] step 300 loss=5.7012 trainKL=1.1315 ranks=[16, 128, 192, 256, 128, 256, 256, 256, 128, 192, 128, 256, 256, 256, 192, 192, 256, 128, 32, 16] (1165s)
[matryoshka] step 300: val@r256 KL=0.7136 agr=0.5620 ppl=71.19 acc=0.2792 (1169s)
  [matryoshka] step 320 loss=5.7749 trainKL=1.2271 ranks=[16, 192, 64, 64, 64, 256, 128, 256, 128, 192, 256, 128, 128, 256, 192, 256, 192, 256, 32, 192] (1246s)
  [matryoshka] step 340 loss=5.7947 trainKL=1.2324 ranks=[192, 128, 128, 16, 192, 256, 256, 192, 128, 192, 64, 192, 256, 8, 256, 192, 256, 256, 32, 192] (1323s)
  [matryoshka] step 360 loss=5.6882 trainKL=1.1616 ranks=[256, 192, 128, 192, 256, 256, 64, 64, 128, 192, 192, 32, 256, 256, 64, 256, 128, 16, 256, 256] (1400s)
  [matryoshka] step 380 loss=5.9793 trainKL=1.3827 ranks=[64, 256, 192, 32, 256, 128, 64, 64, 192, 256, 256, 128, 8, 256, 256, 32, 256, 32, 256, 192] (1477s)
  [matryoshka] step 400 loss=6.0319 trainKL=1.4178 ranks=[128, 192, 256, 256, 192, 32, 256, 192, 256, 128, 192, 8, 192, 64, 64, 128, 192, 8, 64, 192] (1556s)
[matryoshka] step 400: val@r256 KL=0.7116 agr=0.5615 ppl=71.61 acc=0.2809 (1559s)
  [matryoshka] step 420 loss=5.8817 trainKL=1.3020 ranks=[32, 192, 256, 192, 64, 64, 192, 256, 32, 64, 256, 64, 192, 256, 64, 128, 256, 64, 192, 256] (1639s)
  [matryoshka] step 440 loss=5.8614 trainKL=1.2629 ranks=[192, 128, 128, 128, 192, 64, 128, 256, 192, 256, 192, 16, 192, 192, 256, 128, 16, 32, 128, 192] (1717s)
  [matryoshka] step 460 loss=6.0893 trainKL=1.4972 ranks=[192, 64, 256, 32, 64, 8, 32, 64, 256, 192, 64, 192, 64, 192, 256, 64, 192, 128, 192, 192] (1796s)
  [matryoshka] step 480 loss=5.3518 trainKL=0.8121 ranks=[256, 128, 256, 192, 192, 256, 256, 256, 256, 256, 256, 256, 128, 192, 192, 256, 256, 64, 128, 128] (1875s)
  [matryoshka] step 500 loss=5.5354 trainKL=1.0076 ranks=[256, 192, 256, 128, 64, 256, 192, 64, 128, 128, 64, 64, 256, 256, 256, 128, 256, 256, 192, 192] (1954s)
[matryoshka] step 500: val@r256 KL=0.7114 agr=0.5652 ppl=71.45 acc=0.2819 (1957s)
  [matryoshka] step 520 loss=5.7146 trainKL=1.1480 ranks=[256, 128, 64, 128, 64, 128, 192, 256, 256, 64, 128, 128, 192, 256, 256, 192, 32, 64, 128, 256] (2040s)
  [matryoshka] step 540 loss=5.6890 trainKL=1.1473 ranks=[256, 256, 32, 256, 192, 64, 192, 256, 256, 256, 128, 192, 256, 32, 256, 128, 192, 64, 256, 32] (2121s)
  [matryoshka] step 560 loss=5.7762 trainKL=1.1917 ranks=[128, 128, 192, 16, 32, 192, 128, 256, 32, 192, 192, 256, 64, 128, 128, 192, 192, 256, 192, 256] (2204s)
  [matryoshka] step 580 loss=5.2798 trainKL=0.7598 ranks=[192, 128, 256, 256, 192, 128, 128, 256, 192, 256, 192, 256, 128, 256, 256, 192, 256, 256, 256, 192] (2282s)
  [matryoshka] step 600 loss=5.6317 trainKL=1.0415 ranks=[64, 128, 192, 256, 256, 32, 256, 64, 256, 128, 128, 192, 256, 192, 192, 128, 128, 128, 192, 256] (2359s)
[matryoshka] step 600: val@r256 KL=0.7061 agr=0.5662 ppl=71.32 acc=0.2789 (2363s)
  [matryoshka] step 620 loss=5.6817 trainKL=1.1230 ranks=[16, 192, 192, 128, 256, 256, 128, 128, 192, 192, 128, 192, 256, 192, 256, 256, 128, 256, 8, 256] (2436s)
  [matryoshka] step 640 loss=5.5332 trainKL=0.9930 ranks=[128, 64, 256, 256, 192, 64, 256, 256, 192, 256, 192, 32, 256, 256, 256, 128, 256, 256, 128, 256] (2508s)
  [matryoshka] step 660 loss=5.7987 trainKL=1.1966 ranks=[256, 256, 128, 192, 32, 192, 64, 64, 128, 256, 64, 192, 32, 192, 256, 256, 128, 256, 128, 256] (2593s)
  [matryoshka] step 680 loss=5.6346 trainKL=1.0713 ranks=[192, 64, 256, 256, 256, 256, 128, 64, 192, 64, 256, 128, 256, 192, 64, 192, 128, 128, 192, 128] (2693s)
  [matryoshka] step 700 loss=5.5965 trainKL=1.0782 ranks=[192, 128, 192, 128, 192, 256, 192, 192, 64, 64, 256, 256, 256, 192, 256, 32, 256, 256, 64, 192] (2795s)
[matryoshka] step 700: val@r256 KL=0.7067 agr=0.5664 ppl=70.56 acc=0.2853 (2800s)
  [matryoshka] step 720 loss=5.6475 trainKL=1.0820 ranks=[64, 256, 128, 64, 192, 256, 256, 32, 192, 256, 192, 128, 256, 256, 192, 192, 64, 256, 128, 128] (2867s)
  [matryoshka] step 740 loss=5.7508 trainKL=1.1818 ranks=[256, 256, 32, 192, 32, 192, 256, 64, 64, 256, 256, 32, 192, 192, 256, 192, 256, 192, 192, 256] (2924s)
  [matryoshka] step 760 loss=5.6901 trainKL=1.1278 ranks=[192, 192, 128, 192, 64, 192, 16, 192, 128, 192, 192, 192, 256, 128, 256, 192, 192, 192, 32, 256] (2987s)
  [matryoshka] step 780 loss=5.4799 trainKL=0.9536 ranks=[192, 256, 192, 128, 256, 16, 128, 256, 128, 256, 256, 192, 256, 256, 256, 256, 256, 64, 256, 192] (3042s)
  [matryoshka] step 800 loss=5.9424 trainKL=1.3496 ranks=[192, 32, 128, 64, 192, 192, 64, 192, 128, 128, 192, 256, 16, 8, 256, 128, 192, 256, 192, 128] (3091s)
[matryoshka] step 800: val@r256 KL=0.7046 agr=0.5662 ppl=71.30 acc=0.2806 (3093s)
  [matryoshka] step 820 loss=5.4748 trainKL=0.9362 ranks=[256, 192, 128, 256, 128, 192, 256, 256, 16, 256, 192, 256, 192, 192, 256, 128, 192, 256, 192, 256] (3143s)
  [matryoshka] step 840 loss=5.7746 trainKL=1.2124 ranks=[64, 128, 256, 64, 128, 256, 128, 32, 192, 256, 192, 64, 16, 256, 192, 192, 192, 256, 128, 256] (3189s)
  [matryoshka] step 860 loss=5.7094 trainKL=1.1463 ranks=[128, 256, 192, 256, 16, 256, 256, 256, 64, 192, 128, 128, 192, 192, 256, 128, 8, 256, 256, 256] (3231s)
  [matryoshka] step 880 loss=5.7149 trainKL=1.1150 ranks=[256, 256, 256, 192, 192, 192, 64, 32, 128, 64, 192, 64, 256, 128, 192, 192, 192, 128, 128, 128] (3273s)
  [matryoshka] step 900 loss=5.6756 trainKL=1.1151 ranks=[256, 192, 32, 64, 192, 128, 256, 256, 128, 64, 192, 64, 256, 128, 256, 256, 192, 64, 128, 256] (3315s)
[matryoshka] step 900: val@r256 KL=0.7042 agr=0.5640 ppl=70.56 acc=0.2819 (3317s)
  [matryoshka] step 920 loss=5.5766 trainKL=1.0277 ranks=[128, 256, 128, 192, 128, 192, 64, 128, 192, 256, 128, 128, 192, 256, 256, 256, 192, 128, 64, 64] (3358s)
  [matryoshka] step 940 loss=5.5409 trainKL=0.9784 ranks=[256, 64, 192, 256, 32, 192, 192, 192, 256, 256, 256, 256, 192, 256, 256, 192, 64, 192, 192, 192] (3399s)
  [matryoshka] step 960 loss=5.9376 trainKL=1.3411 ranks=[192, 32, 128, 192, 128, 128, 192, 16, 192, 256, 192, 64, 64, 256, 192, 128, 192, 16, 128, 256] (3441s)
  [matryoshka] step 980 loss=5.5867 trainKL=1.0331 ranks=[192, 192, 256, 256, 256, 192, 256, 8, 256, 256, 256, 256, 256, 192, 256, 256, 256, 64, 256, 32] (3483s)
  [matryoshka] step 1000 loss=5.4601 trainKL=0.9276 ranks=[256, 256, 192, 256, 128, 256, 192, 192, 256, 32, 256, 64, 128, 256, 256, 192, 128, 192, 192, 256] (3525s)
[matryoshka] step 1000: val@r256 KL=0.7012 agr=0.5671 ppl=70.39 acc=0.2853 (3527s)
  [matryoshka] step 1020 loss=5.6104 trainKL=1.0343 ranks=[64, 256, 192, 128, 256, 128, 64, 256, 256, 64, 192, 192, 256, 256, 192, 128, 192, 64, 128, 192] (3571s)
  [matryoshka] step 1040 loss=5.9303 trainKL=1.3099 ranks=[256, 192, 192, 256, 128, 32, 192, 256, 32, 192, 256, 16, 256, 192, 128, 64, 192, 16, 128, 256] (3614s)
  [matryoshka] step 1060 loss=5.8694 trainKL=1.2761 ranks=[64, 192, 32, 64, 256, 128, 256, 256, 256, 128, 256, 8, 192, 256, 128, 64, 192, 256, 128, 64] (3656s)
  [matryoshka] step 1080 loss=5.7786 trainKL=1.2041 ranks=[128, 64, 192, 192, 256, 256, 8, 32, 128, 192, 192, 128, 128, 128, 128, 192, 128, 192, 128, 192] (3698s)
  [matryoshka] step 1100 loss=5.4946 trainKL=0.9286 ranks=[192, 128, 256, 192, 192, 192, 256, 128, 192, 32, 192, 128, 192, 192, 192, 256, 256, 192, 256, 256] (3742s)
[matryoshka] step 1100: val@r256 KL=0.7054 agr=0.5674 ppl=70.78 acc=0.2858 (3744s)
  [matryoshka] step 1120 loss=5.8900 trainKL=1.2550 ranks=[64, 32, 192, 128, 192, 192, 256, 128, 256, 256, 192, 128, 256, 16, 32, 192, 128, 128, 256, 64] (3787s)
  [matryoshka] step 1140 loss=5.6581 trainKL=1.0941 ranks=[192, 192, 256, 256, 192, 256, 128, 128, 192, 16, 256, 256, 128, 16, 128, 64, 256, 256, 256, 192] (3830s)
  [matryoshka] step 1160 loss=5.3671 trainKL=0.8201 ranks=[256, 192, 192, 128, 128, 128, 192, 256, 128, 256, 256, 128, 192, 256, 192, 128, 192, 256, 256, 256] (3874s)
  [matryoshka] step 1180 loss=5.7861 trainKL=1.1635 ranks=[256, 64, 192, 64, 192, 32, 256, 64, 256, 256, 128, 256, 256, 192, 256, 128, 256, 128, 16, 192] (3917s)
  [matryoshka] step 1200 loss=5.6824 trainKL=1.1180 ranks=[256, 256, 128, 128, 64, 192, 192, 64, 64, 256, 256, 256, 32, 128, 64, 256, 128, 256, 256, 256] (3960s)
[matryoshka] step 1200: val@r256 KL=0.7015 agr=0.5684 ppl=70.66 acc=0.2831 (3961s)
  [matryoshka] step 1220 loss=5.4442 trainKL=0.8897 ranks=[256, 256, 256, 192, 64, 128, 256, 128, 128, 192, 192, 128, 256, 128, 128, 256, 256, 192, 192, 192] (4005s)
  [matryoshka] step 1240 loss=5.3559 trainKL=0.8149 ranks=[256, 128, 256, 256, 192, 192, 192, 64, 256, 192, 256, 192, 256, 256, 256, 192, 256, 128, 256, 128] (4049s)
  [matryoshka] step 1260 loss=5.7908 trainKL=1.2062 ranks=[192, 256, 128, 256, 64, 32, 256, 192, 192, 64, 128, 128, 256, 32, 256, 192, 32, 192, 192, 128] (4092s)
  [matryoshka] step 1280 loss=5.4825 trainKL=0.9219 ranks=[256, 256, 192, 256, 256, 64, 128, 192, 128, 256, 192, 192, 32, 256, 256, 256, 128, 128, 256, 256] (4135s)
  [matryoshka] step 1300 loss=5.5283 trainKL=0.9931 ranks=[128, 256, 128, 192, 256, 192, 128, 256, 128, 128, 128, 128, 128, 256, 128, 16, 256, 192, 128, 128] (4179s)
[matryoshka] step 1300: val@r256 KL=0.7035 agr=0.5642 ppl=70.58 acc=0.2833 (4181s)
  [matryoshka] step 1320 loss=5.5962 trainKL=1.0528 ranks=[256, 192, 256, 192, 192, 256, 32, 256, 256, 192, 192, 192, 192, 128, 192, 256, 32, 192, 256, 32] (4224s)
  [matryoshka] step 1340 loss=5.3738 trainKL=0.8327 ranks=[256, 256, 256, 192, 256, 256, 128, 128, 192, 128, 192, 256, 192, 256, 128, 256, 192, 192, 64, 192] (4272s)
  [matryoshka] step 1360 loss=5.9386 trainKL=1.3576 ranks=[64, 256, 256, 192, 256, 16, 8, 128, 192, 16, 192, 192, 128, 256, 128, 64, 256, 256, 64, 128] (4318s)
  [matryoshka] step 1380 loss=5.8416 trainKL=1.2348 ranks=[64, 64, 256, 256, 32, 64, 256, 128, 192, 8, 128, 192, 192, 64, 256, 192, 128, 256, 256, 256] (4361s)
  [matryoshka] step 1400 loss=5.8650 trainKL=1.2306 ranks=[256, 256, 256, 128, 128, 16, 256, 64, 192, 256, 32, 192, 256, 256, 256, 192, 8, 192, 256, 64] (4405s)
[matryoshka] step 1400: val@r256 KL=0.7005 agr=0.5701 ppl=70.58 acc=0.2833 (4407s)
  [matryoshka] step 1420 loss=5.4832 trainKL=0.9623 ranks=[256, 192, 256, 256, 256, 256, 128, 32, 128, 192, 256, 256, 256, 256, 192, 256, 128, 64, 192, 64] (4451s)
  [matryoshka] step 1440 loss=5.8073 trainKL=1.1822 ranks=[128, 64, 64, 256, 32, 192, 64, 256, 192, 256, 256, 256, 256, 256, 256, 192, 128, 128, 64, 32] (4495s)
  [matryoshka] step 1460 loss=5.3765 trainKL=0.8480 ranks=[256, 256, 256, 192, 192, 256, 256, 128, 256, 192, 128, 256, 256, 128, 192, 192, 128, 192, 64, 192] (4538s)
  [matryoshka] step 1480 loss=5.8431 trainKL=1.2581 ranks=[256, 128, 256, 128, 192, 128, 256, 8, 64, 128, 128, 64, 256, 64, 256, 16, 192, 128, 192, 192] (4582s)
  [matryoshka] step 1500 loss=5.3045 trainKL=0.7948 ranks=[256, 192, 192, 192, 256, 192, 256, 256, 128, 128, 128, 128, 192, 256, 256, 192, 128, 256, 256, 256] (4627s)
[matryoshka] step 1500: val@r256 KL=0.7000 agr=0.5691 ppl=70.26 acc=0.2833 (4629s)
  [matryoshka] step 1520 loss=5.5249 trainKL=0.9896 ranks=[192, 192, 256, 192, 192, 16, 256, 192, 64, 256, 192, 64, 256, 192, 192, 192, 256, 256, 192, 256] (4674s)
  [matryoshka] step 1540 loss=5.5328 trainKL=1.0304 ranks=[192, 64, 192, 128, 128, 192, 192, 64, 192, 256, 256, 256, 64, 128, 192, 256, 64, 128, 192, 256] (4718s)
  [matryoshka] step 1560 loss=5.5158 trainKL=0.9328 ranks=[128, 256, 32, 192, 128, 192, 256, 192, 64, 256, 128, 256, 192, 192, 192, 192, 192, 256, 256, 256] (4765s)
  [matryoshka] step 1580 loss=5.4058 trainKL=0.8710 ranks=[256, 256, 128, 256, 256, 256, 256, 256, 32, 256, 64, 192, 192, 256, 192, 256, 192, 256, 192, 256] (4809s)
  [matryoshka] step 1600 loss=5.6509 trainKL=1.0532 ranks=[192, 192, 256, 32, 256, 256, 256, 16, 128, 128, 256, 256, 128, 192, 192, 32, 256, 256, 256, 192] (4853s)
[matryoshka] step 1600: val@r256 KL=0.6955 agr=0.5671 ppl=69.73 acc=0.2814 (4855s)
  [matryoshka] step 1620 loss=5.7444 trainKL=1.1773 ranks=[192, 256, 64, 128, 256, 256, 256, 128, 256, 64, 64, 16, 256, 256, 128, 256, 256, 192, 16, 256] (4899s)
  [matryoshka] step 1640 loss=5.8318 trainKL=1.2530 ranks=[256, 64, 128, 192, 256, 256, 256, 32, 192, 192, 256, 256, 256, 16, 32, 192, 192, 8, 256, 256] (4944s)
  [matryoshka] step 1660 loss=5.6491 trainKL=1.1154 ranks=[16, 128, 64, 192, 64, 256, 32, 192, 192, 192, 192, 192, 192, 256, 256, 256, 192, 192, 128, 256] (4989s)
  [matryoshka] step 1680 loss=5.7450 trainKL=1.1512 ranks=[192, 256, 256, 128, 192, 256, 128, 64, 192, 128, 128, 192, 192, 64, 256, 32, 128, 192, 16, 128] (5033s)
  [matryoshka] step 1700 loss=5.5855 trainKL=1.0477 ranks=[256, 128, 32, 32, 128, 128, 256, 192, 64, 128, 256, 256, 128, 192, 128, 128, 192, 192, 256, 256] (5079s)
[matryoshka] step 1700: val@r256 KL=0.6950 agr=0.5664 ppl=69.91 acc=0.2833 (5081s)
  [matryoshka] step 1720 loss=5.9215 trainKL=1.3309 ranks=[128, 192, 32, 256, 256, 192, 64, 256, 128, 16, 64, 32, 128, 256, 192, 256, 256, 256, 8, 192] (5125s)
  [matryoshka] step 1740 loss=5.5736 trainKL=1.0221 ranks=[192, 128, 256, 32, 256, 192, 256, 128, 256, 192, 128, 192, 256, 128, 16, 192, 192, 256, 192, 128] (5170s)
  [matryoshka] step 1760 loss=5.5178 trainKL=1.0102 ranks=[192, 192, 128, 128, 256, 256, 256, 192, 192, 128, 128, 128, 128, 64, 64, 128, 256, 256, 64, 128] (5214s)
  [matryoshka] step 1780 loss=5.6382 trainKL=1.0912 ranks=[192, 192, 192, 32, 256, 192, 256, 128, 256, 256, 256, 192, 64, 256, 192, 256, 192, 32, 32, 256] (5259s)
  [matryoshka] step 1800 loss=5.6148 trainKL=1.0571 ranks=[256, 32, 64, 192, 192, 192, 192, 192, 128, 256, 128, 192, 128, 256, 192, 192, 192, 32, 256, 128] (5306s)
[matryoshka] step 1800: val@r256 KL=0.6935 agr=0.5698 ppl=69.61 acc=0.2833 (5308s)
  [matryoshka] step 1820 loss=5.8013 trainKL=1.2380 ranks=[192, 128, 64, 256, 256, 192, 64, 128, 32, 128, 32, 256, 192, 128, 256, 192, 128, 16, 192, 128] (5354s)
  [matryoshka] step 1840 loss=5.6891 trainKL=1.1162 ranks=[64, 256, 256, 128, 64, 192, 32, 256, 192, 192, 32, 192, 32, 256, 256, 256, 128, 192, 256, 256] (5398s)
  [matryoshka] step 1860 loss=5.5713 trainKL=1.0228 ranks=[256, 128, 256, 192, 256, 256, 256, 256, 256, 128, 192, 256, 256, 32, 64, 256, 8, 256, 256, 192] (5442s)
  [matryoshka] step 1880 loss=5.5838 trainKL=1.0295 ranks=[64, 192, 128, 256, 192, 256, 32, 192, 128, 192, 32, 128, 256, 192, 256, 128, 192, 192, 192, 256] (5487s)
  [matryoshka] step 1900 loss=5.7326 trainKL=1.1635 ranks=[256, 256, 192, 16, 192, 32, 256, 64, 64, 256, 256, 192, 128, 32, 256, 192, 192, 192, 256, 128] (5532s)
[matryoshka] step 1900: val@r256 KL=0.6924 agr=0.5725 ppl=69.28 acc=0.2875 (5534s)
[final] Matryoshka student nested-rank TEST frontier ...
  [eval r=8] KL=3.7941 agr=0.0983 ppl=2345.51 (43.06x) acc=0.0445
  [eval r=16] KL=3.0590 agr=0.1701 ppl=985.02 (18.09x) acc=0.0948
  [eval r=32] KL=2.4908 agr=0.2332 ppl=540.05 (9.92x) acc=0.1178
  [eval r=64] KL=1.8190 agr=0.3284 ppl=261.24 (4.80x) acc=0.1677
  [eval r=128] KL=1.0551 agr=0.4791 ppl=113.43 (2.08x) acc=0.2393
  [eval r=192] KL=0.8451 agr=0.5248 ppl=92.80 (1.70x) acc=0.2549
  [eval r=256] KL=0.6753 agr=0.5684 ppl=77.03 (1.41x) acc=0.2714
[ckpt] saved matryoshka_student.pt
[control] re-eval dedicated r=128 student at r=128 ...
  [r128 dedicated] KL=1.1151 agr=0.4703 ppl=122.83
[wrote] results_matryoshka_distill.json
[wall] 5534s (92.2 min) for 1900 steps
