/Users/motonishikoudai/Library/Python/3.9/lib/python/site-packages/urllib3/__init__.py:35: NotOpenSSLWarning: urllib3 v2 only supports OpenSSL 1.1.1+, currently the 'ssl' module is compiled with 'LibreSSL 2.8.3'. See: https://github.com/urllib3/urllib3/issues/3020
  warnings.warn(
/Users/motonishikoudai/Projects/verantyx-cli/experiments/stereo_cross_activation/soft_and_distill.py:134: RuntimeWarning: divide by zero encountered in matmul
  C = Xc.T @ Xc
/Users/motonishikoudai/Projects/verantyx-cli/experiments/stereo_cross_activation/soft_and_distill.py:134: RuntimeWarning: overflow encountered in matmul
  C = Xc.T @ Xc
/Users/motonishikoudai/Projects/verantyx-cli/experiments/stereo_cross_activation/soft_and_distill.py:134: RuntimeWarning: invalid value encountered in matmul
  C = Xc.T @ Xc
[device] mps
[fit corpus] wikitext-2-raw-v1(train): 390 x 256 tokens
  [fit] batch 1/49 sampled=276/15000 1s
  [fit] batch 11/49 sampled=3369/15000 3s
  [fit] batch 21/49 sampled=6407/15000 6s
  [fit] batch 31/49 sampled=9494/15000 9s
  [fit] batch 41/49 sampled=12600/15000 11s
[fit] shared basis done (14s)
[eval corpus] wikitext-2-raw-v1(test): 40 x 256
[wiener] r_eff=64: sigma2=0.0297051 eff_rank=64.00
[wiener] r_eff=128: sigma2=0.0116359 eff_rank=128.00
  [p1 eval] batch 1/10 (3s)
  [p1 eval] batch 2/10 (6s)
  [p1 eval] batch 3/10 (8s)
  [p1 eval] batch 4/10 (11s)
  [p1 eval] batch 5/10 (13s)
  [p1 eval] batch 6/10 (16s)
  [p1 eval] batch 7/10 (19s)
  [p1 eval] batch 8/10 (22s)
  [p1 eval] batch 9/10 (24s)
  [p1 eval] batch 10/10 (27s)

[p1 baseline] ppl=54.466 top1_acc=0.3102

config                                                 KL     agr        ppl    ppl_x     acc
compound|k1|layers6|hard_r128                      1.0136  0.4459     145.34    2.668  0.1954
compound|k2|layers4-8|hard_r128                    1.6080  0.3371     250.29    4.595  0.1537
compound|k4|layers2-5-7-10|hard_r128               2.0728  0.2630     382.90    7.030  0.1277
compound|k6|layers2-3-5-7-9-10|hard_r128           2.2425  0.2433     433.32    7.956  0.1228
compound|k12|layers0-1-2-3-4-5-6-7-8-9-10-11|hard_r128   3.3573  0.1688    1476.39   27.107  0.0865
shrink|all|r64|alpha0.1                            3.8068  0.1516    2300.44   42.236  0.0779
shrink|all|r64|alpha0.25                           3.4599  0.1685    1584.60   29.093  0.0886
shrink|all|r64|alpha0.5                            2.8194  0.1980     830.26   15.244  0.1000
wiener|all|reff64                                  4.6270  0.1074    5882.14  107.997  0.0530
shrink|all|r128|alpha0.1                           3.1134  0.1843    1146.01   21.041  0.0925
shrink|all|r128|alpha0.25                          2.7628  0.2102     799.41   14.677  0.1049
shrink|all|r128|alpha0.5                           2.1468  0.2663     427.12    7.842  0.1312
wiener|all|reff128                                 4.2428  0.0375    3840.55   70.513  0.0221
[phase1] wrote /Users/motonishikoudai/Projects/verantyx-cli/experiments/stereo_cross_activation/results_soft_distill.json
