[device] mps
[basis] loaded frozen shared basis from bases_cache_soft_distill.npz (V (768, 768); r=256 = nested top-256 columns, top-128 subspace identical to the r=128 run by construction)
/Users/motonishikoudai/Library/Python/3.9/lib/python/site-packages/urllib3/__init__.py:35: NotOpenSSLWarning: urllib3 v2 only supports OpenSSL 1.1.1+, currently the 'ssl' module is compiled with 'LibreSSL 2.8.3'. See: https://github.com/urllib3/urllib3/issues/3020
  warnings.warn(
[eval corpus] wikitext-2-raw-v1(test): 40 x 256
[warm start] loaded kl_distill_student_r128.pt (missing=[], unexpected=[])
[r256] step-0 TEST eval (pure container widening) ...
[r256] STEP-0 TEST: KL=1.3861 agr=0.4072 ppl=162.90 acc=0.2077
[data] train seqs available: 8847 (need 24000; will cycle if short)
[data] val slice: 16 x 256
[r256] step 0 (warm start): val KL=1.4007 agr=0.3982 ppl=145.1
`loss_type=None` was set in the config but it is unrecognized. Using the default loss: `ForCausalLMLoss`.
  [r256] step 20 loss=6.0149 trainKL=1.3660 (37s)
  [r256] step 40 loss=5.7310 trainKL=1.1596 (76s)
  [r256] step 60 loss=5.6337 trainKL=1.0679 (129s)
  [r256] step 80 loss=5.5787 trainKL=1.0057 (198s)
  [r256] step 100 loss=5.5728 trainKL=0.9954 (268s)
[r256] step 100: val KL=0.9626 agr=0.4922 ppl=94.61 acc=0.2463 (271s)
  [r256] step 120 loss=5.5074 trainKL=0.9821 (342s)
  [r256] step 140 loss=5.5347 trainKL=0.9733 (414s)
  [r256] step 160 loss=5.4946 trainKL=0.9521 (494s)
  [r256] step 180 loss=5.4973 trainKL=0.9517 (578s)
  [r256] step 200 loss=5.5266 trainKL=0.9402 (669s)
[r256] step 200: val KL=0.9225 agr=0.4983 ppl=89.75 acc=0.2488 (673s)
  [r256] step 220 loss=5.4727 trainKL=0.9209 (772s)
  [r256] step 240 loss=5.4460 trainKL=0.9255 (877s)
  [r256] step 260 loss=5.4622 trainKL=0.9138 (945s)
  [r256] step 280 loss=5.4813 trainKL=0.9254 (1054s)
  [r256] step 300 loss=5.4647 trainKL=0.9127 (1158s)
[r256] step 300: val KL=0.8943 agr=0.5061 ppl=86.67 acc=0.2561 (1163s)
  [r256] step 320 loss=5.4440 trainKL=0.9236 (1254s)
  [r256] step 340 loss=5.4434 trainKL=0.9106 (1317s)
  [r256] step 360 loss=5.4040 trainKL=0.9005 (1384s)
  [r256] step 380 loss=5.4512 trainKL=0.9027 (1452s)
  [r256] step 400 loss=5.4775 trainKL=0.9134 (1523s)
[r256] step 400: val KL=0.8721 agr=0.5127 ppl=86.06 acc=0.2583 (1526s)
  [r256] step 420 loss=5.4285 trainKL=0.8887 (1598s)
  [r256] step 440 loss=5.4560 trainKL=0.8923 (1666s)
  [r256] step 460 loss=5.4238 trainKL=0.8923 (1732s)
  [r256] step 480 loss=5.4323 trainKL=0.8800 (1794s)
  [r256] step 500 loss=5.4114 trainKL=0.8905 (1858s)
[r256] step 500: val KL=0.8594 agr=0.5146 ppl=83.69 acc=0.2605 (1860s)
  [r256] step 520 loss=5.4255 trainKL=0.8830 (1924s)
  [r256] step 540 loss=5.3800 trainKL=0.8647 (1991s)
  [r256] step 560 loss=5.4184 trainKL=0.8636 (2060s)
  [r256] step 580 loss=5.4070 trainKL=0.8696 (2125s)
  [r256] step 600 loss=5.4407 trainKL=0.8644 (2190s)
[r256] step 600: val KL=0.8443 agr=0.5227 ppl=82.70 acc=0.2640 (2193s)
  [r256] step 620 loss=5.4001 trainKL=0.8658 (2259s)
  [r256] step 640 loss=5.3947 trainKL=0.8644 (2327s)
  [r256] step 660 loss=5.4350 trainKL=0.8645 (2395s)
  [r256] step 680 loss=5.4097 trainKL=0.8645 (2462s)
  [r256] step 700 loss=5.3519 trainKL=0.8541 (2527s)
[r256] step 700: val KL=0.8348 agr=0.5222 ppl=81.40 acc=0.2662 (2530s)
  [r256] step 720 loss=5.3994 trainKL=0.8542 (2602s)
  [r256] step 740 loss=5.3924 trainKL=0.8549 (2669s)
  [r256] step 760 loss=5.3880 trainKL=0.8513 (2736s)
  [r256] step 780 loss=5.3626 trainKL=0.8445 (2803s)
  [r256] step 800 loss=5.3917 trainKL=0.8494 (2872s)
[r256] step 800: val KL=0.8272 agr=0.5251 ppl=81.25 acc=0.2630 (2874s)
  [r256] step 820 loss=5.3961 trainKL=0.8619 (2944s)
  [r256] step 840 loss=5.3691 trainKL=0.8433 (3012s)
  [r256] step 860 loss=5.3847 trainKL=0.8502 (3084s)
  [r256] step 880 loss=5.4117 trainKL=0.8373 (3153s)
  [r256] step 900 loss=5.3590 trainKL=0.8258 (3225s)
[r256] step 900: val KL=0.8174 agr=0.5310 ppl=79.99 acc=0.2635 (3228s)
  [r256] step 920 loss=5.3616 trainKL=0.8290 (3299s)
  [r256] step 940 loss=5.3701 trainKL=0.8212 (3369s)
  [r256] step 960 loss=5.3889 trainKL=0.8418 (3438s)
  [r256] step 980 loss=5.3656 trainKL=0.8311 (3511s)
  [r256] step 1000 loss=5.3391 trainKL=0.8158 (3583s)
[r256] step 1000: val KL=0.8070 agr=0.5325 ppl=78.97 acc=0.2718 (3586s)
  [r256] step 1020 loss=5.3661 trainKL=0.8101 (3658s)
  [r256] step 1040 loss=5.4063 trainKL=0.8341 (3727s)
  [r256] step 1060 loss=5.3740 trainKL=0.8253 (3797s)
  [r256] step 1080 loss=5.3559 trainKL=0.8189 (3868s)
  [r256] step 1100 loss=5.3889 trainKL=0.8299 (3938s)
[r256] step 1100: val KL=0.8018 agr=0.5369 ppl=78.60 acc=0.2696 (3941s)
  [r256] step 1120 loss=5.3981 trainKL=0.8080 (4012s)
  [r256] step 1140 loss=5.3271 trainKL=0.7920 (4084s)
  [r256] step 1160 loss=5.3506 trainKL=0.8013 (4160s)
  [r256] step 1180 loss=5.3885 trainKL=0.8009 (4231s)
  [r256] step 1200 loss=5.3417 trainKL=0.8070 (4301s)
[r256] step 1200: val KL=0.7964 agr=0.5381 ppl=78.26 acc=0.2706 (4304s)
  [r256] step 1220 loss=5.3470 trainKL=0.7975 (4376s)
  [r256] step 1240 loss=5.3340 trainKL=0.7917 (4448s)
  [r256] step 1260 loss=5.3524 trainKL=0.8074 (4519s)
  [r256] step 1280 loss=5.3444 trainKL=0.7940 (4589s)
  [r256] step 1300 loss=5.3076 trainKL=0.7894 (4663s)
[r256] step 1300: val KL=0.7914 agr=0.5396 ppl=77.55 acc=0.2721 (4666s)
  [r256] step 1320 loss=5.3139 trainKL=0.7950 (4737s)
  [r256] step 1340 loss=5.3158 trainKL=0.7762 (4808s)
  [r256] step 1360 loss=5.3018 trainKL=0.7798 (4879s)
  [r256] step 1380 loss=5.3413 trainKL=0.7800 (4949s)
  [r256] step 1400 loss=5.3753 trainKL=0.7865 (5022s)
[r256] step 1400: val KL=0.7839 agr=0.5430 ppl=77.31 acc=0.2725 (5025s)
  [r256] step 1420 loss=5.2899 trainKL=0.7847 (5096s)
  [r256] step 1440 loss=5.3708 trainKL=0.7852 (5164s)
  [r256] step 1460 loss=5.3118 trainKL=0.7862 (5237s)
  [r256] step 1480 loss=5.3186 trainKL=0.7808 (5308s)
  [r256] step 1500 loss=5.2943 trainKL=0.7818 (5379s)
[r256] step 1500: val KL=0.7776 agr=0.5422 ppl=76.52 acc=0.2738 (5382s)
  [r256] step 1520 loss=5.2952 trainKL=0.7789 (5452s)
  [r256] step 1540 loss=5.2562 trainKL=0.7770 (5522s)
  [r256] step 1560 loss=5.3408 trainKL=0.7718 (5593s)
  [r256] step 1580 loss=5.2954 trainKL=0.7682 (5664s)
  [r256] step 1600 loss=5.3367 trainKL=0.7669 (5740s)
[r256] step 1600: val KL=0.7710 agr=0.5430 ppl=76.36 acc=0.2703 (5743s)
  [r256] step 1620 loss=5.3043 trainKL=0.7766 (5813s)
  [r256] step 1640 loss=5.3040 trainKL=0.7746 (5886s)
  [r256] step 1660 loss=5.2753 trainKL=0.7754 (5956s)
  [r256] step 1680 loss=5.3371 trainKL=0.7792 (6028s)
  [r256] step 1700 loss=5.2718 trainKL=0.7605 (6099s)
[r256] step 1700: val KL=0.7667 agr=0.5435 ppl=75.93 acc=0.2713 (6102s)
  [r256] step 1720 loss=5.3051 trainKL=0.7722 (6176s)
  [r256] step 1740 loss=5.2977 trainKL=0.7697 (6252s)
  [r256] step 1760 loss=5.2442 trainKL=0.7590 (6324s)
  [r256] step 1780 loss=5.2864 trainKL=0.7714 (6395s)
  [r256] step 1800 loss=5.3020 trainKL=0.7711 (6466s)
[r256] step 1800: val KL=0.7605 agr=0.5481 ppl=75.23 acc=0.2735 (6469s)
  [r256] step 1820 loss=5.2824 trainKL=0.7658 (6542s)
  [r256] step 1840 loss=5.2935 trainKL=0.7563 (6615s)
  [r256] step 1860 loss=5.2823 trainKL=0.7595 (6686s)
  [r256] step 1880 loss=5.2922 trainKL=0.7629 (6759s)
  [r256] step 1900 loss=5.2770 trainKL=0.7506 (6832s)
[r256] step 1900: val KL=0.7558 agr=0.5532 ppl=74.94 acc=0.2733 (6835s)
  [r256] step 1920 loss=5.2991 trainKL=0.7537 (6906s)
  [r256] step 1940 loss=5.2601 trainKL=0.7505 (6977s)
  [r256] step 1960 loss=5.3229 trainKL=0.7652 (7048s)
  [r256] step 1980 loss=5.2982 trainKL=0.7527 (7120s)
  [r256] step 2000 loss=5.2943 trainKL=0.7561 (7191s)
[r256] step 2000: val KL=0.7520 agr=0.5525 ppl=74.81 acc=0.2765 (7194s)
  [r256] step 2020 loss=5.2666 trainKL=0.7587 (7264s)
  [r256] step 2040 loss=5.2363 trainKL=0.7354 (7339s)
  [r256] step 2060 loss=5.2215 trainKL=0.7473 (7411s)
  [r256] step 2080 loss=5.3021 trainKL=0.7587 (7482s)
  [r256] step 2100 loss=5.2594 trainKL=0.7611 (7553s)
[r256] step 2100: val KL=0.7493 agr=0.5498 ppl=74.33 acc=0.2735 (7555s)
  [r256] step 2120 loss=5.2781 trainKL=0.7443 (7626s)
  [r256] step 2140 loss=5.2766 trainKL=0.7597 (7698s)
  [r256] step 2160 loss=5.2407 trainKL=0.7513 (7769s)
  [r256] step 2180 loss=5.2665 trainKL=0.7398 (7845s)
  [r256] step 2200 loss=5.3041 trainKL=0.7558 (7917s)
[r256] step 2200: val KL=0.7409 agr=0.5557 ppl=73.41 acc=0.2765 (7919s)
  [r256] step 2220 loss=5.2349 trainKL=0.7454 (7990s)
  [r256] step 2240 loss=5.3026 trainKL=0.7445 (8061s)
  [r256] step 2260 loss=5.2316 trainKL=0.7116 (8129s)
  [r256] step 2280 loss=5.2227 trainKL=0.7184 (8192s)
  [r256] step 2300 loss=5.2534 trainKL=0.7207 (8263s)
[r256] step 2300: val KL=0.7410 agr=0.5525 ppl=73.78 acc=0.2767 (8266s)
  [r256] step 2320 loss=5.1951 trainKL=0.7073 (8339s)
  [r256] step 2340 loss=5.1876 trainKL=0.7260 (8412s)
  [r256] step 2360 loss=5.2377 trainKL=0.7077 (8480s)
  [r256] step 2380 loss=5.2092 trainKL=0.7027 (8551s)
  [r256] step 2400 loss=5.2426 trainKL=0.7063 (8622s)
[r256] step 2400: val KL=0.7381 agr=0.5576 ppl=72.93 acc=0.2787 (8625s)
  [r256] step 2420 loss=5.2199 trainKL=0.7082 (8694s)
  [r256] step 2440 loss=5.2559 trainKL=0.7054 (8777s)
  [r256] step 2460 loss=5.2289 trainKL=0.7083 (8865s)
  [r256] step 2480 loss=5.2384 trainKL=0.7180 (8944s)
  [r256] step 2500 loss=5.2450 trainKL=0.7141 (9020s)
[r256] step 2500: val KL=0.7316 agr=0.5549 ppl=73.27 acc=0.2775 (9023s)
  [r256] step 2520 loss=5.2178 trainKL=0.7299 (9091s)
  [r256] step 2540 loss=5.2669 trainKL=0.7292 (9158s)
  [r256] step 2560 loss=5.2680 trainKL=0.7231 (9224s)
  [r256] step 2580 loss=5.1919 trainKL=0.7219 (9288s)
  [r256] step 2600 loss=5.2448 trainKL=0.7344 (9352s)
[r256] step 2600: val KL=0.7281 agr=0.5603 ppl=72.26 acc=0.2797 (9355s)
  [r256] step 2620 loss=5.2557 trainKL=0.7204 (9423s)
  [r256] step 2640 loss=5.2554 trainKL=0.7194 (9488s)
  [r256] step 2660 loss=5.2680 trainKL=0.7406 (9554s)
  [r256] step 2680 loss=5.2599 trainKL=0.7265 (9625s)
  [r256] step 2700 loss=5.2466 trainKL=0.7244 (9710s)
[r256] step 2700: val KL=0.7263 agr=0.5603 ppl=72.59 acc=0.2743 (9713s)
  [r256] step 2720 loss=5.2441 trainKL=0.7144 (9791s)
  [r256] step 2740 loss=5.2342 trainKL=0.7320 (9867s)
  [r256] step 2760 loss=5.2318 trainKL=0.7138 (9928s)
  [r256] step 2780 loss=5.2517 trainKL=0.7255 (9994s)
  [r256] step 2800 loss=5.2403 trainKL=0.7297 (10073s)
[r256] step 2800: val KL=0.7208 agr=0.5623 ppl=71.78 acc=0.2797 (10077s)
  [r256] step 2820 loss=5.2752 trainKL=0.7077 (10139s)
  [r256] step 2840 loss=5.2825 trainKL=0.7266 (10202s)
  [r256] step 2860 loss=5.2873 trainKL=0.7095 (10269s)
  [r256] step 2880 loss=5.2707 trainKL=0.7218 (10329s)
  [r256] step 2900 loss=5.2403 trainKL=0.7138 (10385s)
[r256] step 2900: val KL=0.7177 agr=0.5610 ppl=72.38 acc=0.2787 (10388s)
  [r256] step 2920 loss=5.2507 trainKL=0.7192 (10436s)
  [r256] step 2940 loss=5.2388 trainKL=0.7272 (10503s)
  [r256] step 2960 loss=5.2076 trainKL=0.7002 (10554s)
  [r256] step 2980 loss=5.2395 trainKL=0.7139 (10602s)
  [r256] step 3000 loss=5.2272 trainKL=0.7206 (10650s)
[r256] step 3000: val KL=0.7159 agr=0.5664 ppl=71.90 acc=0.2804 (10652s)
[r256] final test eval ...
[r256] TEST: KL=0.6930 agr=0.5609 ppl=78.99 acc=0.2704
[r256] saved student checkpoint to kl_distill_student_r256.pt
[frontier] final r256 student under nested r=192: KL=0.9573 agr=0.4899 ppl=106.70
[r256] wrote /Users/motonishikoudai/Projects/verantyx-cli/experiments/stereo_cross_activation/results_kl_distill_r256.json
