/Users/motonishikoudai/Library/Python/3.9/lib/python/site-packages/urllib3/__init__.py:35: NotOpenSSLWarning: urllib3 v2 only supports OpenSSL 1.1.1+, currently the 'ssl' module is compiled with 'LibreSSL 2.8.3'. See: https://github.com/urllib3/urllib3/issues/3020
  warnings.warn(
`loss_type=None` was set in the config but it is unrecognized. Using the default loss: `ForCausalLMLoss`.
/Users/motonishikoudai/Projects/verantyx-cli/experiments/stereo_cross_activation/soft_and_distill.py:396: UserWarning: Converting a tensor with requires_grad=True to a scalar may lead to unexpected behavior.
Consider using tensor.detach() first. (Triggered internally at /Users/runner/work/pytorch/pytorch/pytorch/torch/csrc/autograd/generated/python_variable_methods.cpp:836.)
  loss_win.append(float(out.loss))
[device] mps
[fit] loaded cached bases from bases_cache_soft_distill.npz
[eval corpus] wikitext-2-raw-v1(test): 40 x 256

===== PHASE 2: distill with hard shared bottleneck r=128 =====
[p2 data] train seqs available: 8000 (need 8000; will cycle if short)
[p2 data] val slice: 16 x 256
[p2 r128] step 0 (untrained): val ppl=1279.5 agr=0.1772
  [p2 r128] step 20 loss=7.1749 (23s)
  [p2 r128] step 40 loss=6.3927 (46s)
  [p2 r128] step 60 loss=5.9477 (70s)
  [p2 r128] step 80 loss=5.7359 (95s)
  [p2 r128] step 100 loss=5.6530 (119s)
[p2 r128] step 100: val ppl=226.49 agr=0.2854 KL=2.2586 (121s)
  [p2 r128] step 120 loss=5.6033 (148s)
  [p2 r128] step 140 loss=5.5511 (177s)
  [p2 r128] step 160 loss=5.4728 (209s)
  [p2 r128] step 180 loss=5.4272 (243s)
  [p2 r128] step 200 loss=5.3996 (277s)
[p2 r128] step 200: val ppl=184.88 agr=0.2959 KL=2.2300 (279s)
  [p2 r128] step 220 loss=5.3624 (314s)
  [p2 r128] step 240 loss=5.3651 (350s)
  [p2 r128] step 260 loss=5.3386 (388s)
  [p2 r128] step 280 loss=5.3343 (426s)
  [p2 r128] step 300 loss=5.2655 (465s)
[p2 r128] step 300: val ppl=165.73 agr=0.3105 KL=2.2089 (467s)
  [p2 r128] step 320 loss=5.2758 (507s)
  [p2 r128] step 340 loss=5.2505 (548s)
  [p2 r128] step 360 loss=5.2153 (612s)
  [p2 r128] step 380 loss=5.1642 (687s)
  [p2 r128] step 400 loss=5.1999 (764s)
[p2 r128] step 400: val ppl=153.96 agr=0.3215 KL=2.2020 (769s)
  [p2 r128] step 420 loss=5.1520 (862s)
  [p2 r128] step 440 loss=5.1783 (961s)
  [p2 r128] step 460 loss=5.1008 (1060s)
  [p2 r128] step 480 loss=5.1419 (1118s)
  [p2 r128] step 500 loss=5.1205 (1181s)
[p2 r128] step 500: val ppl=144.11 agr=0.3210 KL=2.2216 (1186s)
  [p2 r128] step 520 loss=5.0962 (1275s)
  [p2 r128] step 540 loss=5.0796 (1374s)
  [p2 r128] step 560 loss=5.0535 (1476s)
  [p2 r128] step 580 loss=5.0253 (1578s)
  [p2 r128] step 600 loss=5.0334 (1680s)
[p2 r128] step 600: val ppl=137.22 agr=0.3323 KL=2.2009 (1686s)
  [p2 r128] step 620 loss=5.0322 (1764s)
  [p2 r128] step 640 loss=5.0509 (1810s)
  [p2 r128] step 660 loss=4.9876 (1860s)
  [p2 r128] step 680 loss=5.0046 (1908s)
  [p2 r128] step 700 loss=5.0393 (1957s)
[p2 r128] step 700: val ppl=132.27 agr=0.3306 KL=2.1895 (1960s)
  [p2 r128] step 720 loss=5.0121 (2009s)
  [p2 r128] step 740 loss=4.9665 (2058s)
  [p2 r128] step 760 loss=4.9496 (2107s)
  [p2 r128] step 780 loss=4.9522 (2156s)
  [p2 r128] step 800 loss=4.9289 (2204s)
[p2 r128] step 800: val ppl=127.23 agr=0.3389 KL=2.1781 (2207s)
  [p2 r128] step 820 loss=4.9454 (2260s)
  [p2 r128] step 840 loss=4.8978 (2310s)
  [p2 r128] step 860 loss=4.8995 (2359s)
  [p2 r128] step 880 loss=4.9695 (2411s)
  [p2 r128] step 900 loss=4.9244 (2462s)
[p2 r128] step 900: val ppl=123.79 agr=0.3445 KL=2.1897 (2465s)
  [p2 r128] step 920 loss=4.8993 (2516s)
  [p2 r128] step 940 loss=4.8813 (2569s)
  [p2 r128] step 960 loss=4.8922 (2624s)
  [p2 r128] step 980 loss=4.9190 (2678s)
  [p2 r128] step 1000 loss=4.9098 (2730s)
[p2 r128] step 1000: val ppl=120.18 agr=0.3462 KL=2.1935 (2733s)
[p2 r128] final test eval ...
[phase2 r128] wrote /Users/motonishikoudai/Projects/verantyx-cli/experiments/stereo_cross_activation/results_soft_distill.json

===== PHASE 2: distill with hard shared bottleneck r=64 =====
[p2 data] train seqs available: 8000 (need 8000; will cycle if short)
[p2 data] val slice: 16 x 256
[p2 r64] step 0 (untrained): val ppl=2712.5 agr=0.1511
  [p2 r64] step 20 loss=7.7055 (56s)
  [p2 r64] step 40 loss=6.8949 (109s)
  [p2 r64] step 60 loss=6.4223 (160s)
  [p2 r64] step 80 loss=6.1668 (212s)
  [p2 r64] step 100 loss=6.0748 (264s)
[p2 r64] step 100: val ppl=354.74 agr=0.2437 KL=2.6815 (267s)
  [p2 r64] step 120 loss=6.0288 (319s)
  [p2 r64] step 140 loss=5.9616 (371s)
  [p2 r64] step 160 loss=5.8995 (423s)
  [p2 r64] step 180 loss=5.8421 (476s)
  [p2 r64] step 200 loss=5.8266 (527s)
[p2 r64] step 200: val ppl=291.25 agr=0.2593 KL=2.6921 (530s)
  [p2 r64] step 220 loss=5.7961 (587s)
  [p2 r64] step 240 loss=5.7873 (639s)
  [p2 r64] step 260 loss=5.7620 (691s)
  [p2 r64] step 280 loss=5.7486 (748s)
  [p2 r64] step 300 loss=5.6807 (800s)
[p2 r64] step 300: val ppl=259.21 agr=0.2690 KL=2.6561 (803s)
  [p2 r64] step 320 loss=5.7111 (859s)
  [p2 r64] step 340 loss=5.6745 (913s)
  [p2 r64] step 360 loss=5.6413 (966s)
  [p2 r64] step 380 loss=5.5977 (1020s)
  [p2 r64] step 400 loss=5.6323 (1073s)
[p2 r64] step 400: val ppl=241.44 agr=0.2751 KL=2.6782 (1076s)
  [p2 r64] step 420 loss=5.5900 (1128s)
  [p2 r64] step 440 loss=5.6082 (1181s)
  [p2 r64] step 460 loss=5.5383 (1241s)
  [p2 r64] step 480 loss=5.5753 (1295s)
  [p2 r64] step 500 loss=5.5516 (1357s)
[p2 r64] step 500: val ppl=228.44 agr=0.2832 KL=2.6899 (1360s)
  [p2 r64] step 520 loss=5.5351 (1414s)
  [p2 r64] step 540 loss=5.5127 (1473s)
  [p2 r64] step 560 loss=5.4691 (1526s)
  [p2 r64] step 580 loss=5.4513 (1580s)
  [p2 r64] step 600 loss=5.4676 (1634s)
[p2 r64] step 600: val ppl=215.94 agr=0.2888 KL=2.6578 (1637s)
  [p2 r64] step 620 loss=5.4617 (1690s)
  [p2 r64] step 640 loss=5.4585 (1743s)
  [p2 r64] step 660 loss=5.4254 (1794s)
  [p2 r64] step 680 loss=5.4369 (1847s)
  [p2 r64] step 700 loss=5.4751 (1897s)
[p2 r64] step 700: val ppl=206.81 agr=0.2891 KL=2.6388 (1900s)
  [p2 r64] step 720 loss=5.4382 (1952s)
  [p2 r64] step 740 loss=5.3951 (2003s)
  [p2 r64] step 760 loss=5.3734 (2053s)
  [p2 r64] step 780 loss=5.3832 (2105s)
  [p2 r64] step 800 loss=5.3732 (2162s)
[p2 r64] step 800: val ppl=199.01 agr=0.2981 KL=2.6245 (2165s)
  [p2 r64] step 820 loss=5.3699 (2219s)
  [p2 r64] step 840 loss=5.3404 (2272s)
  [p2 r64] step 860 loss=5.3478 (2326s)
  [p2 r64] step 880 loss=5.4023 (2378s)
  [p2 r64] step 900 loss=5.3507 (2431s)
[p2 r64] step 900: val ppl=192.28 agr=0.2986 KL=2.6287 (2434s)
  [p2 r64] step 920 loss=5.3393 (2486s)
  [p2 r64] step 940 loss=5.3236 (2539s)
  [p2 r64] step 960 loss=5.3338 (2592s)
  [p2 r64] step 980 loss=5.3569 (2644s)
  [p2 r64] step 1000 loss=5.3447 (2700s)
[p2 r64] step 1000: val ppl=189.54 agr=0.2974 KL=2.6667 (2703s)
[p2 r64] final test eval ...
[phase2 r64] wrote /Users/motonishikoudai/Projects/verantyx-cli/experiments/stereo_cross_activation/results_soft_distill.json
